# JRE version: Java(TM) SE Runtime Environment (8.0_31-b13) (build 1.8.0_31-b13)
# Java VM: Java HotSpot(TM) Server VM (25.31-b07 mixed mode linux-x86 )
Heap:
 PSYoungGen      total 17664K, used 12556K [0x9c600000, 0x9d880000, 0xa6e00000)
  eden space 16384K, 68% used [0x9c600000,0x9d105d20,0x9d600000)
  from space 1280K, 99% used [0x9d740000,0x9d87d6b8,0x9d880000)
  to   space 1280K, 0% used [0x9d600000,0x9d600000,0x9d740000)
 ParOldGen       total 22016K, used 4485K [0x87600000, 0x88b80000, 0x9c600000)
  object space 22016K, 20% used [0x87600000,0x87a617b8,0x88b80000)
 Metaspace       used 10301K, capacity 10803K, committed 10904K, reserved 11568K
GC Heap History (8 events):
Event: 1,515 GC heap before
{Heap before GC invocations=1 (full 0):
 PSYoungGen      total 9472K, used 8192K [0x9c600000, 0x9d080000, 0xa6e00000)
  eden space 8192K, 100% used [0x9c600000,0x9ce00000,0x9ce00000)
  from space 1280K, 0% used [0x9cf40000,0x9cf40000,0x9d080000)
  to   space 1280K, 0% used [0x9ce00000,0x9ce00000,0x9cf40000)
 ParOldGen       total 22016K, used 0K [0x87600000, 0x88b80000, 0x9c600000)
  object space 22016K, 0% used [0x87600000,0x87600000,0x88b80000)
 Metaspace       used 4376K, capacity 4596K, committed 4632K, reserved 5424K
Event: 1,526 GC heap after
Heap after GC invocations=1 (full 0):
 PSYoungGen      total 9472K, used 1264K [0x9c600000, 0x9d080000, 0xa6e00000)
  eden space 8192K, 0% used [0x9c600000,0x9c600000,0x9ce00000)
  from space 1280K, 98% used [0x9ce00000,0x9cf3c030,0x9cf40000)
  to   space 1280K, 0% used [0x9cf40000,0x9cf40000,0x9d080000)
 ParOldGen       total 22016K, used 156K [0x87600000, 0x88b80000, 0x9c600000)
  object space 22016K, 0% used [0x87600000,0x87627030,0x88b80000)
 Metaspace       used 4376K, capacity 4596K, committed 4632K, reserved 5424K
}
Event: 2,322 GC heap before
{Heap before GC invocations=2 (full 0):
 PSYoungGen      total 9472K, used 9456K [0x9c600000, 0x9d080000, 0xa6e00000)
  eden space 8192K, 100% used [0x9c600000,0x9ce00000,0x9ce00000)
  from space 1280K, 98% used [0x9ce00000,0x9cf3c030,0x9cf40000)
  to   space 1280K, 0% used [0x9cf40000,0x9cf40000,0x9d080000)
 ParOldGen       total 22016K, used 156K [0x87600000, 0x88b80000, 0x9c600000)
  object space 22016K, 0% used [0x87600000,0x87627030,0x88b80000)
 Metaspace       used 6863K, capacity 7141K, committed 7192K, reserved 7472K
Event: 2,359 GC heap after
Heap after GC invocations=2 (full 0):
 PSYoungGen      total 9472K, used 1272K [0x9c600000, 0x9d880000, 0xa6e00000)
  eden space 8192K, 0% used [0x9c600000,0x9c600000,0x9ce00000)
  from space 1280K, 99% used [0x9cf40000,0x9d07e030,0x9d080000)
  to   space 1280K, 0% used [0x9ce00000,0x9ce00000,0x9cf40000)
 ParOldGen       total 22016K, used 1463K [0x87600000, 0x88b80000, 0x9c600000)
  object space 22016K, 6% used [0x87600000,0x8776dce8,0x88b80000)
 Metaspace       used 6863K, capacity 7141K, committed 7192K, reserved 7472K
}
Event: 3,286 GC heap before
{Heap before GC invocations=3 (full 0):
 PSYoungGen      total 9472K, used 9464K [0x9c600000, 0x9d880000, 0xa6e00000)
  eden space 8192K, 100% used [0x9c600000,0x9ce00000,0x9ce00000)
  from space 1280K, 99% used [0x9cf40000,0x9d07e030,0x9d080000)
  to   space 1280K, 0% used [0x9ce00000,0x9ce00000,0x9cf40000)
 ParOldGen       total 22016K, used 1463K [0x87600000, 0x88b80000, 0x9c600000)
  object space 22016K, 6% used [0x87600000,0x8776dce8,0x88b80000)
 Metaspace       used 8735K, capacity 9172K, committed 9240K, reserved 9520K
Event: 3,295 GC heap after
Heap after GC invocations=3 (full 0):
 PSYoungGen      total 9472K, used 1264K [0x9c600000, 0x9d880000, 0xa6e00000)
  eden space 8192K, 0% used [0x9c600000,0x9c600000,0x9ce00000)
  from space 1280K, 98% used [0x9ce00000,0x9cf3c030,0x9cf40000)
  to   space 1280K, 0% used [0x9d740000,0x9d740000,0x9d880000)
 ParOldGen       total 22016K, used 2499K [0x87600000, 0x88b80000, 0x9c600000)
  object space 22016K, 11% used [0x87600000,0x87870ce8,0x88b80000)
 Metaspace       used 8735K, capacity 9172K, committed 9240K, reserved 9520K
}
Event: 28,873 GC heap before
{Heap before GC invocations=4 (full 0):
 PSYoungGen      total 9472K, used 9456K [0x9c600000, 0x9d880000, 0xa6e00000)
  eden space 8192K, 100% used [0x9c600000,0x9ce00000,0x9ce00000)
  from space 1280K, 98% used [0x9ce00000,0x9cf3c030,0x9cf40000)
  to   space 1280K, 0% used [0x9d740000,0x9d740000,0x9d880000)
 ParOldGen       total 22016K, used 2499K [0x87600000, 0x88b80000, 0x9c600000)
  object space 22016K, 11% used [0x87600000,0x87870ce8,0x88b80000)
 Metaspace       used 10082K, capacity 10561K, committed 10648K, reserved 11568K
Event: 28,895 GC heap after
Heap after GC invocations=4 (full 0):
 PSYoungGen      total 17664K, used 1269K [0x9c600000, 0x9d880000, 0xa6e00000)
  eden space 16384K, 0% used [0x9c600000,0x9c600000,0x9d600000)
  from space 1280K, 99% used [0x9d740000,0x9d87d6b8,0x9d880000)
  to   space 1280K, 0% used [0x9d600000,0x9d600000,0x9d740000)
 ParOldGen       total 22016K, used 4485K [0x87600000, 0x88b80000, 0x9c600000)
  object space 22016K, 20% used [0x87600000,0x87a617b8,0x88b80000)
 Metaspace       used 10082K, capacity 10561K, committed 10648K, reserved 11568K
}

